<?xml version="1.0" encoding="UTF-8"?>
<!-- Generated by org.testng.reporters.JUnitXMLReporter -->
<testsuite ignored="0" hostname="DESKTOP-O9OR2BF" failures="0" tests="4" name="Default test" time="68.969" errors="0" timestamp="2023-02-17T21:48:25 IST">
  <testcase classname="com.Blink.MainPage.Retailer_Registration_Complete_MainPage" name="firstpage" time="32.769"/>
  <testcase classname="com.Blink.MainPage.Retailer_Registration_Complete_MainPage" name="secondpage" time="12.684"/>
  <testcase classname="com.Blink.MainPage.Retailer_Registration_Complete_MainPage" name="thirdpage" time="7.453"/>
  <testcase classname="com.Blink.MainPage.Retailer_Registration_Complete_MainPage" name="forthpage" time="15.964"/>
</testsuite> <!-- Default test -->
