<?xml version="1.0" encoding="UTF-8"?>
<testng-results ignored="0" total="4" passed="4" failed="0" skipped="0">
  <reporter-output>
  </reporter-output>
  <suite started-at="2023-02-17T21:47:16 IST" name="Default suite" finished-at="2023-02-17T21:48:24 IST" duration-ms="68969">
    <groups>
    </groups>
    <test started-at="2023-02-17T21:47:16 IST" name="Default test" finished-at="2023-02-17T21:48:24 IST" duration-ms="68969">
      <class name="com.Blink.MainPage.Retailer_Registration_Complete_MainPage">
        <test-method signature="firstpage()[pri:1, instance:com.Blink.MainPage.Retailer_Registration_Complete_MainPage@4422dd48]" started-at="2023-02-17T21:47:16 IST" name="firstpage" finished-at="2023-02-17T21:47:48 IST" duration-ms="32769" status="PASS">
          <reporter-output>
          </reporter-output>
        </test-method> <!-- firstpage -->
        <test-method signature="secondpage()[pri:2, instance:com.Blink.MainPage.Retailer_Registration_Complete_MainPage@4422dd48]" started-at="2023-02-17T21:47:48 IST" name="secondpage" finished-at="2023-02-17T21:48:01 IST" duration-ms="12684" status="PASS">
          <reporter-output>
          </reporter-output>
        </test-method> <!-- secondpage -->
        <test-method signature="thirdpage()[pri:3, instance:com.Blink.MainPage.Retailer_Registration_Complete_MainPage@4422dd48]" started-at="2023-02-17T21:48:01 IST" name="thirdpage" finished-at="2023-02-17T21:48:09 IST" duration-ms="7453" status="PASS">
          <reporter-output>
          </reporter-output>
        </test-method> <!-- thirdpage -->
        <test-method signature="forthpage()[pri:4, instance:com.Blink.MainPage.Retailer_Registration_Complete_MainPage@4422dd48]" started-at="2023-02-17T21:48:09 IST" name="forthpage" finished-at="2023-02-17T21:48:24 IST" duration-ms="15964" status="PASS">
          <reporter-output>
          </reporter-output>
        </test-method> <!-- forthpage -->
      </class> <!-- com.Blink.MainPage.Retailer_Registration_Complete_MainPage -->
    </test> <!-- Default test -->
  </suite> <!-- Default suite -->
</testng-results>
